2024-03-25 10:07:04.718 [info] Added views:workbench.panel.markers.view in workbench.panel.markers
2024-03-25 10:07:04.718 [info] Added views:workbench.panel.output in workbench.panel.output
2024-03-25 10:07:04.718 [info] Added views:terminal in terminal
2024-03-25 10:07:04.718 [info] Added views:outline in workbench.view.explorer
2024-03-25 10:07:04.718 [info] Added views:workbench.scm in workbench.view.scm
2024-03-25 10:07:04.718 [info] Added views:workbench.view.search in workbench.view.search
2024-03-25 10:07:04.718 [info] Added views:timeline in workbench.view.explorer
2024-03-25 10:07:04.718 [info] Added views:workbench.explorer.emptyView in workbench.view.explorer
2024-03-25 10:07:05.849 [info] Added views:workbench.debug.variablesView,workbench.debug.watchExpressionsView,workbench.debug.callStackView,workbench.debug.breakPointsView in workbench.view.debug
2024-03-25 10:07:06.584 [info] Added views:dockerContainers,dockerImages,dockerRegistries,dockerNetworks,dockerVolumes,vscode-docker.views.dockerContexts,vscode-docker.views.help in workbench.view.extension.dockerView
2024-03-25 10:07:06.870 [info] Added views:workbench.panel.repl.view in workbench.panel.repl
2024-03-25 10:07:06.878 [info] Removed views:workbench.debug.breakPointsView,workbench.debug.callStackView,workbench.debug.watchExpressionsView,workbench.debug.variablesView from workbench.view.debug
2024-03-25 10:07:06.884 [info] Added views:workbench.debug.welcome in workbench.view.debug
2024-03-25 10:07:07.314 [info] Added views:~remote.forwardedPorts in ~remote.forwardedPortsContainer
2024-03-25 10:07:31.817 [info] Added views:workbench.panel.markers.view in workbench.panel.markers
2024-03-25 10:07:31.817 [info] Added views:workbench.panel.output in workbench.panel.output
2024-03-25 10:07:31.817 [info] Added views:terminal in terminal
2024-03-25 10:07:31.817 [info] Added views:outline in workbench.view.explorer
2024-03-25 10:07:31.817 [info] Added views:workbench.scm in workbench.view.scm
2024-03-25 10:07:31.817 [info] Added views:workbench.view.search in workbench.view.search
2024-03-25 10:07:31.817 [info] Added views:timeline in workbench.view.explorer
2024-03-25 10:07:31.817 [info] Added views:workbench.explorer.fileView in workbench.view.explorer
2024-03-25 10:07:32.621 [info] Added views:dockerContainers,dockerImages,dockerRegistries,dockerNetworks,dockerVolumes,vscode-docker.views.dockerContexts,vscode-docker.views.help in workbench.view.extension.dockerView
2024-03-25 10:07:33.033 [info] Added views:workbench.debug.variablesView,workbench.debug.watchExpressionsView,workbench.debug.callStackView,workbench.debug.breakPointsView in workbench.view.debug
2024-03-25 10:07:33.184 [info] Added views:workbench.panel.repl.view in workbench.panel.repl
2024-03-25 10:07:33.185 [info] Removed views:workbench.debug.breakPointsView,workbench.debug.callStackView,workbench.debug.watchExpressionsView,workbench.debug.variablesView from workbench.view.debug
2024-03-25 10:07:33.186 [info] Added views:workbench.debug.welcome in workbench.view.debug
2024-03-25 10:07:33.577 [info] Added views:~remote.forwardedPorts in ~remote.forwardedPortsContainer
2024-03-25 10:07:41.295 [info] Added views:workbench.debug.breakPointsView in workbench.view.debug
2024-03-25 10:07:42.944 [info] Added views:workbench.views.extensions.installed,workbench.views.extensions.popular,extensions.recommendedList in workbench.view.extensions
2024-03-25 10:07:43.008 [info] Removed views:workbench.views.extensions.popular from workbench.view.extensions
